<?xml version="1.0" encoding="UTF-8" ?>
<testsuite errors="0" failures="0" hostname="MSI" name="com.nghiapd.mathutil.core.MathUtilDDTTest" skipped="0" tests="7" time="0.091" timestamp="2022-10-04T04:10:26">
  <properties>
[...]
</properties>
  <testcase classname="com.nghiapd.mathutil.core.MathUtilDDTTest" name="testFactorialGivenRightArgumentReturnWell[0]" time="0.002" />
  <testcase classname="com.nghiapd.mathutil.core.MathUtilDDTTest" name="testFactorialGivenRightArgumentReturnWell[1]" time="0.0" />
  <testcase classname="com.nghiapd.mathutil.core.MathUtilDDTTest" name="testFactorialGivenRightArgumentReturnWell[2]" time="0.001" />
  <testcase classname="com.nghiapd.mathutil.core.MathUtilDDTTest" name="testFactorialGivenRightArgumentReturnWell[3]" time="0.0" />
  <testcase classname="com.nghiapd.mathutil.core.MathUtilDDTTest" name="testFactorialGivenRightArgumentReturnWell[4]" time="0.001" />
  <testcase classname="com.nghiapd.mathutil.core.MathUtilDDTTest" name="testFactorialGivenRightArgumentReturnWell[5]" time="0.0" />
  <testcase classname="com.nghiapd.mathutil.core.MathUtilDDTTest" name="testFactorialGivenRightArgumentReturnWell[6]" time="0.0" />
  <system-out><![CDATA[]]></system-out>
  <system-err><![CDATA[]]></system-err>
</testsuite>
